<?xml version="1.0" encoding="UTF-8"?><testsuite errors="0" failures="0" name="com.tripolis.qa.features.contactDatabase.DiaContactDatabaseStory" skipped="1" tests="3" time="90.5" timestamp="2016-05-148 06:07:12"><testcase classname="com.tripolis.qa.features.contactDatabase.DiaContactDatabaseStory" name="Scenario1 click on cancel button create contact database"/><testcase classname="com.tripolis.qa.features.contactDatabase.DiaContactDatabaseStory" name="Scenario2 create vaild contact database"/><testcase classname="com.tripolis.qa.features.contactDatabase.DiaContactDatabaseStory" name="Scenario3 delete contact database"><skipped/></testcase></testsuite>