<?xml version="1.0" encoding="UTF-8"?><testsuite errors="0" failures="0" name="com.tripolis.qa.features.search.SearchByKeywordStory" skipped="3" tests="3" time="0.0" timestamp="2016-05-148 06:12:34"><testcase classname="com.tripolis.qa.features.search.SearchByKeywordStory" name="Searching by keyword banana should display the corresponding article"><skipped/></testcase><testcase classname="com.tripolis.qa.features.search.SearchByKeywordStory" name="Searching by ambiguious keyword should display the disambiguation page"><skipped/></testcase><testcase classname="com.tripolis.qa.features.search.SearchByKeywordStory" name="Searching by keyword apple should display the corresponding article"><skipped/></testcase></testsuite>