<?xml version="1.0" encoding="UTF-8"?><testsuite errors="0" failures="0" name="com.tripolis.qa.features.login.DiaLoginStory" skipped="0" tests="7" time="229.21" timestamp="2016-05-148 06:08:44"><testcase classname="com.tripolis.qa.features.login.DiaLoginStory" name="Scenario1 login with blank client domain"/><testcase classname="com.tripolis.qa.features.login.DiaLoginStory" name="Scenario2 login with blank password"/><testcase classname="com.tripolis.qa.features.login.DiaLoginStory" name="Scenario3 login with blank username"/><testcase classname="com.tripolis.qa.features.login.DiaLoginStory" name="Scenario4 login with wrong client domain"/><testcase classname="com.tripolis.qa.features.login.DiaLoginStory" name="Scenario5 login with wrong password"/><testcase classname="com.tripolis.qa.features.login.DiaLoginStory" name="Scenario6 login with wrong username"/><testcase classname="com.tripolis.qa.features.login.DiaLoginStory" name="Scenario7 login with vaild credentials"/></testsuite>