<?xml version="1.0" encoding="UTF-8"?><testsuite errors="1" failures="0" name="com.tripolis.qa.features.contactDatabase.DiaContactDatabaseStory" skipped="0" tests="1" time="13.76" timestamp="2016-04-111 11:55:04"><testcase classname="com.tripolis.qa.features.contactDatabase.DiaContactDatabaseStory" name="Scenario8 click on cancel button create contact database"><error type="java.lang.NullPointerException"/><system-err>null&#13;
com.tripolis.qa.pages.DiaLoginPage.navigateToHomePage(DiaLoginPage.java:79)&#13;
com.tripolis.qa.steps.serenity.DiaContactDatabaseSteps.goToHomePage(DiaContactDatabaseSteps.java:35)&#13;
com.tripolis.qa.features.contactDatabase.DiaContactDatabaseStory.setUp(DiaContactDatabaseStory.java:31)&#13;
</system-err></testcase></testsuite>